{"numFailedTestSuites":0,"numFailedTests":0,"numPassedTestSuites":1,"numPassedTests":6,"numPendingTestSuites":0,"numPendingTests":0,"numRuntimeErrorTestSuites":0,"numTodoTests":0,"numTotalTestSuites":1,"numTotalTests":6,"openHandles":[],"snapshot":{"added":0,"didUpdate":false,"failure":false,"filesAdded":0,"filesRemoved":0,"filesRemovedList":[],"filesUnmatched":0,"filesUpdated":0,"matched":0,"total":0,"unchecked":0,"uncheckedKeysByFile":[],"unmatched":0,"updated":0},"startTime":1748636433426,"success":true,"testResults":[{"assertionResults":[{"ancestorTitles":["ContainerRow Log Streaming"],"failureMessages":[],"fullName":"ContainerRow Log Streaming 1. Clicking \"Show Logs\" should call startLogStream and display LogContainer","location":null,"status":"passed","title":"1. Clicking \"Show Logs\" should call startLogStream and display LogContainer"},{"ancestorTitles":["ContainerRow Log Streaming"],"failureMessages":[],"fullName":"ContainerRow Log Streaming 2. When onLogUpdate is called, logs are passed to LogContainer","location":null,"status":"passed","title":"2. When onLogUpdate is called, logs are passed to LogContainer"},{"ancestorTitles":["ContainerRow Log Streaming"],"failureMessages":[],"fullName":"ContainerRow Log Streaming 3. Clicking \"Hide Logs\" should call stopLogStream and hide LogContainer","location":null,"status":"passed","title":"3. Clicking \"Hide Logs\" should call stopLogStream and hide LogContainer"},{"ancestorTitles":["ContainerRow Log Streaming"],"failureMessages":[],"fullName":"ContainerRow Log Streaming 4. Pause and Resume functionality","location":null,"status":"passed","title":"4. Pause and Resume functionality"},{"ancestorTitles":["ContainerRow Log Streaming"],"failureMessages":[],"fullName":"ContainerRow Log Streaming 5. isLoading state is handled","location":null,"status":"passed","title":"5. isLoading state is handled"},{"ancestorTitles":["ContainerRow Log Streaming"],"failureMessages":[],"fullName":"ContainerRow Log Streaming Handles onError callback from useWebSocket","location":null,"status":"passed","title":"Handles onError callback from useWebSocket"}],"endTime":1748636437087,"message":"","name":"/app/frontend/src/components/ContainerRow.test.tsx","startTime":1748636434150,"status":"passed","summary":""}],"wasInterrupted":false}